{
"contracts/Create2Deployer.sol":{"l":{"8":0,"9":0,"16":0},"path":"/Users/impossiblepascal/impossible-git/smart-contracts/launchpad-contracts/contracts/Create2Deployer.sol","s":{"1":0,"2":0},"b":{},"f":{"1":0},"fnMap":{"1":{"name":"deploy","line":7,"loc":{"start":{"line":7,"column":4},"end":{"line":17,"column":4}}}},"statementMap":{"1":{"start":{"line":8,"column":8},"end":{"line":8,"column":20}},"2":{"start":{"line":16,"column":8},"end":{"line":16,"column":33}}},"branchMap":{}},
"contracts/GenericToken.sol":{"l":{"13":129},"path":"/Users/impossiblepascal/impossible-git/smart-contracts/launchpad-contracts/contracts/GenericToken.sol","s":{"1":129},"b":{},"f":{"1":129},"fnMap":{"1":{"name":"constructor","line":12,"loc":{"start":{"line":8,"column":4},"end":{"line":14,"column":4}}}},"statementMap":{"1":{"start":{"line":13,"column":8},"end":{"line":13,"column":40}}},"branchMap":{}},
"contracts/IFAllocationMaster.sol":{"l":{"142":15,"154":15,"157":15,"169":15,"177":15,"183":1,"189":1,"192":1,"200":0,"203":0,"209":0,"212":0,"217":0,"220":0,"225":0,"229":0,"232":0,"242":8,"244":8,"251":8,"259":0,"268":0,"269":0,"270":0,"271":0,"272":0,"275":0,"276":0,"278":0,"280":0,"285":0,"296":8,"299":8,"302":8,"303":8,"304":0,"308":8,"315":8,"316":0,"321":8,"327":8,"331":8,"334":8,"335":8,"338":8,"341":8,"348":8,"353":0,"355":0,"359":0,"361":0,"366":0,"374":0,"379":0,"389":0,"395":0,"399":0,"407":0,"417":16,"419":16,"426":16,"432":0,"441":0,"442":0,"443":0,"444":0,"445":0,"448":0,"449":0,"451":0,"453":0,"458":0,"469":8,"472":8,"475":8,"481":8,"482":0,"486":8,"489":8,"492":8,"497":8,"506":18,"509":18,"512":18,"515":18,"520":18,"522":18,"525":18,"528":18,"531":18,"539":18,"542":0,"547":0,"555":0,"562":0,"563":0,"566":0,"568":0,"584":0,"591":18,"601":34,"604":34,"607":34,"609":15,"617":15,"620":19,"625":19,"627":19,"629":0,"634":19,"640":19,"643":19,"648":19,"652":19,"654":1,"658":1,"668":1,"673":19,"674":0,"677":0,"684":0,"688":19,"706":19,"711":34,"717":22,"720":22,"723":18,"726":18,"729":18,"732":18,"735":18,"738":18,"743":18,"744":18,"748":18,"754":0,"757":0,"760":0,"765":0,"770":0,"773":0,"776":0,"779":0,"782":0,"788":0,"791":0,"797":0,"800":0,"805":0,"810":0,"815":0,"818":0},"path":"/Users/impossiblepascal/impossible-git/smart-contracts/launchpad-contracts/contracts/IFAllocationMaster.sol","s":{"1":15,"2":15,"3":15,"4":15,"5":15,"6":1,"7":1,"8":1,"9":0,"10":0,"11":0,"12":0,"13":0,"14":0,"15":0,"16":0,"17":0,"18":8,"19":8,"20":8,"21":0,"22":0,"23":0,"24":0,"25":0,"26":0,"27":0,"28":0,"29":0,"30":0,"31":0,"32":0,"33":0,"34":8,"35":8,"36":0,"37":8,"38":8,"39":0,"40":8,"41":8,"42":0,"43":8,"44":8,"45":8,"46":8,"47":8,"48":8,"49":8,"50":8,"51":0,"52":0,"53":0,"54":0,"55":0,"56":0,"57":0,"58":0,"59":0,"60":0,"61":0,"62":16,"63":16,"64":16,"65":0,"66":0,"67":0,"68":0,"69":0,"70":0,"71":0,"72":0,"73":0,"74":0,"75":0,"76":0,"77":0,"78":8,"79":8,"80":0,"81":8,"82":8,"83":0,"84":8,"85":8,"86":8,"87":8,"88":18,"89":18,"90":18,"91":18,"92":18,"93":18,"94":18,"95":18,"96":18,"97":0,"98":0,"99":0,"100":0,"101":0,"102":0,"103":0,"104":0,"105":18,"106":34,"107":34,"108":34,"109":15,"110":19,"111":19,"112":19,"113":0,"114":19,"115":19,"116":19,"117":19,"118":19,"119":1,"120":1,"121":1,"122":19,"123":0,"124":0,"125":0,"126":19,"127":34,"128":22,"129":22,"130":18,"131":18,"132":18,"133":18,"134":18,"135":18,"136":18,"137":18,"138":18,"139":0,"140":0,"141":0,"142":0,"143":0,"144":0,"145":0,"146":0,"147":0,"148":0,"149":0,"150":0,"151":0,"152":0,"153":0,"154":0,"155":0},"b":{"1":[15,0],"2":[8,0],"3":[0,0],"4":[0,0],"5":[0,0],"6":[8,0],"7":[0,8],"8":[0,8],"9":[0,8],"10":[8,0],"11":[16,0],"12":[0,0],"13":[0,0],"14":[0,0],"15":[8,0],"16":[0,8],"17":[0,8],"18":[18,0],"19":[18,0],"20":[0,0],"21":[0,0],"22":[0,0],"23":[15,19],"24":[0,19],"25":[0,0],"26":[19,0],"27":[1,18],"28":[0,19],"29":[22,0],"30":[18,0],"31":[18,0],"32":[0,0],"33":[0,0],"34":[0,0],"35":[0,0]},"f":{"1":45,"2":15,"3":15,"4":1,"5":0,"6":0,"7":8,"8":8,"9":16,"10":8,"11":18,"12":34,"13":22,"14":0,"15":0},"fnMap":{"1":{"name":"constructor","line":136,"loc":{"start":{"line":136,"column":4},"end":{"line":136,"column":19}}},"2":{"name":"trackCount","line":141,"loc":{"start":{"line":141,"column":4},"end":{"line":143,"column":4}}},"3":{"name":"addTrack","line":153,"loc":{"start":{"line":146,"column":4},"end":{"line":178,"column":4}}},"4":{"name":"bumpSaleCounter","line":181,"loc":{"start":{"line":181,"column":4},"end":{"line":195,"column":4}}},"5":{"name":"disableTrack","line":198,"loc":{"start":{"line":198,"column":4},"end":{"line":204,"column":4}}},"6":{"name":"activeRollOver","line":207,"loc":{"start":{"line":207,"column":4},"end":{"line":233,"column":4}}},"7":{"name":"getClosestUserCheckpoint","line":236,"loc":{"start":{"line":236,"column":4},"end":{"line":287,"column":4}}},"8":{"name":"getUserStakeWeight","line":291,"loc":{"start":{"line":291,"column":4},"end":{"line":408,"column":4}}},"9":{"name":"getClosestTrackCheckpoint","line":411,"loc":{"start":{"line":411,"column":4},"end":{"line":460,"column":4}}},"10":{"name":"getTotalStakeWeight","line":464,"loc":{"start":{"line":464,"column":4},"end":{"line":498,"column":4}}},"11":{"name":"addUserCheckpoint","line":500,"loc":{"start":{"line":500,"column":4},"end":{"line":592,"column":4}}},"12":{"name":"addTrackCheckpoint","line":594,"loc":{"start":{"line":594,"column":4},"end":{"line":712,"column":4}}},"13":{"name":"stake","line":715,"loc":{"start":{"line":715,"column":4},"end":{"line":749,"column":4}}},"14":{"name":"unstake","line":752,"loc":{"start":{"line":752,"column":4},"end":{"line":783,"column":4}}},"15":{"name":"emergencyWithdraw","line":786,"loc":{"start":{"line":786,"column":4},"end":{"line":819,"column":4}}}},"statementMap":{"1":{"start":{"line":142,"column":8},"end":{"line":142,"column":36}},"2":{"start":{"line":154,"column":8},"end":{"line":154,"column":60}},"3":{"start":{"line":157,"column":8},"end":{"line":157,"column":5988}},"4":{"start":{"line":169,"column":8},"end":{"line":169,"column":6521}},"5":{"start":{"line":177,"column":8},"end":{"line":177,"column":48}},"6":{"start":{"line":183,"column":8},"end":{"line":183,"column":7017}},"7":{"start":{"line":189,"column":8},"end":{"line":189,"column":78}},"8":{"start":{"line":192,"column":8},"end":{"line":192,"column":50}},"9":{"start":{"line":200,"column":8},"end":{"line":200,"column":36}},"10":{"start":{"line":203,"column":8},"end":{"line":203,"column":34}},"11":{"start":{"line":209,"column":8},"end":{"line":209,"column":43}},"12":{"start":{"line":212,"column":8},"end":{"line":212,"column":7895}},"13":{"start":{"line":217,"column":8},"end":{"line":217,"column":50}},"14":{"start":{"line":220,"column":8},"end":{"line":220,"column":8209}},"15":{"start":{"line":225,"column":8},"end":{"line":225,"column":8370}},"16":{"start":{"line":229,"column":8},"end":{"line":229,"column":74}},"17":{"start":{"line":232,"column":8},"end":{"line":232,"column":50}},"18":{"start":{"line":242,"column":8},"end":{"line":242,"column":65}},"19":{"start":{"line":244,"column":8},"end":{"line":244,"column":8984}},"20":{"start":{"line":251,"column":12},"end":{"line":251,"column":67}},"21":{"start":{"line":252,"column":15},"end":{"line":252,"column":9277}},"22":{"start":{"line":259,"column":12},"end":{"line":259,"column":9555}},"23":{"start":{"line":268,"column":12},"end":{"line":268,"column":28}},"24":{"start":{"line":269,"column":12},"end":{"line":269,"column":43}},"25":{"start":{"line":270,"column":12},"end":{"line":270,"column":9900}},"26":{"start":{"line":271,"column":16},"end":{"line":271,"column":59}},"27":{"start":{"line":272,"column":16},"end":{"line":272,"column":10033}},"28":{"start":{"line":275,"column":16},"end":{"line":275,"column":10157}},"29":{"start":{"line":276,"column":20},"end":{"line":276,"column":33}},"30":{"start":{"line":277,"column":23},"end":{"line":277,"column":10256}},"31":{"start":{"line":278,"column":20},"end":{"line":278,"column":33}},"32":{"start":{"line":280,"column":20},"end":{"line":280,"column":37}},"33":{"start":{"line":285,"column":12},"end":{"line":285,"column":56}},"34":{"start":{"line":296,"column":8},"end":{"line":296,"column":63}},"35":{"start":{"line":299,"column":8},"end":{"line":299,"column":44}},"36":{"start":{"line":299,"column":36},"end":{"line":299,"column":44}},"37":{"start":{"line":302,"column":8},"end":{"line":302,"column":69}},"38":{"start":{"line":303,"column":8},"end":{"line":303,"column":11120}},"39":{"start":{"line":304,"column":12},"end":{"line":304,"column":20}},"40":{"start":{"line":308,"column":8},"end":{"line":308,"column":11240}},"41":{"start":{"line":315,"column":8},"end":{"line":315,"column":11463}},"42":{"start":{"line":316,"column":12},"end":{"line":316,"column":20}},"43":{"start":{"line":321,"column":8},"end":{"line":321,"column":11602}},"44":{"start":{"line":327,"column":8},"end":{"line":327,"column":11883}},"45":{"start":{"line":331,"column":8},"end":{"line":331,"column":48}},"46":{"start":{"line":334,"column":8},"end":{"line":334,"column":27}},"47":{"start":{"line":335,"column":8},"end":{"line":335,"column":12125}},"48":{"start":{"line":338,"column":12},"end":{"line":338,"column":12270}},"49":{"start":{"line":341,"column":12},"end":{"line":341,"column":12343}},"50":{"start":{"line":348,"column":12},"end":{"line":348,"column":30}},"51":{"start":{"line":353,"column":12},"end":{"line":353,"column":58}},"52":{"start":{"line":355,"column":12},"end":{"line":355,"column":64}},"53":{"start":{"line":359,"column":12},"end":{"line":359,"column":13001}},"54":{"start":{"line":361,"column":16},"end":{"line":361,"column":13161}},"55":{"start":{"line":366,"column":16},"end":{"line":366,"column":13364}},"56":{"start":{"line":374,"column":16},"end":{"line":374,"column":13733}},"57":{"start":{"line":379,"column":16},"end":{"line":379,"column":13945}},"58":{"start":{"line":389,"column":16},"end":{"line":389,"column":14365}},"59":{"start":{"line":395,"column":12},"end":{"line":395,"column":14606}},"60":{"start":{"line":399,"column":12},"end":{"line":399,"column":14787}},"61":{"start":{"line":407,"column":8},"end":{"line":407,"column":26}},"62":{"start":{"line":417,"column":8},"end":{"line":417,"column":60}},"63":{"start":{"line":419,"column":8},"end":{"line":419,"column":15339}},"64":{"start":{"line":426,"column":12},"end":{"line":426,"column":62}},"65":{"start":{"line":427,"column":15},"end":{"line":427,"column":15622}},"66":{"start":{"line":432,"column":12},"end":{"line":432,"column":15874}},"67":{"start":{"line":441,"column":12},"end":{"line":441,"column":28}},"68":{"start":{"line":442,"column":12},"end":{"line":442,"column":43}},"69":{"start":{"line":443,"column":12},"end":{"line":443,"column":16230}},"70":{"start":{"line":444,"column":16},"end":{"line":444,"column":59}},"71":{"start":{"line":445,"column":16},"end":{"line":445,"column":16363}},"72":{"start":{"line":448,"column":16},"end":{"line":448,"column":16483}},"73":{"start":{"line":449,"column":20},"end":{"line":449,"column":33}},"74":{"start":{"line":450,"column":23},"end":{"line":450,"column":16582}},"75":{"start":{"line":451,"column":20},"end":{"line":451,"column":33}},"76":{"start":{"line":453,"column":20},"end":{"line":453,"column":37}},"77":{"start":{"line":458,"column":12},"end":{"line":458,"column":51}},"78":{"start":{"line":469,"column":8},"end":{"line":469,"column":63}},"79":{"start":{"line":472,"column":8},"end":{"line":472,"column":44}},"80":{"start":{"line":472,"column":36},"end":{"line":472,"column":44}},"81":{"start":{"line":475,"column":8},"end":{"line":475,"column":17351}},"82":{"start":{"line":481,"column":8},"end":{"line":481,"column":17554}},"83":{"start":{"line":482,"column":12},"end":{"line":482,"column":20}},"84":{"start":{"line":486,"column":8},"end":{"line":486,"column":79}},"85":{"start":{"line":489,"column":8},"end":{"line":489,"column":53}},"86":{"start":{"line":492,"column":8},"end":{"line":492,"column":17948}},"87":{"start":{"line":497,"column":8},"end":{"line":497,"column":78}},"88":{"start":{"line":506,"column":8},"end":{"line":506,"column":49}},"89":{"start":{"line":509,"column":8},"end":{"line":509,"column":77}},"90":{"start":{"line":512,"column":8},"end":{"line":512,"column":65}},"91":{"start":{"line":515,"column":8},"end":{"line":515,"column":18642}},"92":{"start":{"line":520,"column":8},"end":{"line":520,"column":18794}},"93":{"start":{"line":522,"column":12},"end":{"line":522,"column":72}},"94":{"start":{"line":525,"column":12},"end":{"line":525,"column":51}},"95":{"start":{"line":531,"column":12},"end":{"line":531,"column":19222}},"96":{"start":{"line":539,"column":12},"end":{"line":539,"column":77}},"97":{"start":{"line":542,"column":12},"end":{"line":542,"column":19693}},"98":{"start":{"line":547,"column":12},"end":{"line":547,"column":19852}},"99":{"start":{"line":555,"column":12},"end":{"line":555,"column":20268}},"100":{"start":{"line":562,"column":12},"end":{"line":562,"column":20586}},"101":{"start":{"line":563,"column":16},"end":{"line":563,"column":20679}},"102":{"start":{"line":566,"column":16},"end":{"line":566,"column":63}},"103":{"start":{"line":568,"column":16},"end":{"line":568,"column":20870}},"104":{"start":{"line":584,"column":16},"end":{"line":584,"column":21521}},"105":{"start":{"line":591,"column":8},"end":{"line":591,"column":61}},"106":{"start":{"line":601,"column":8},"end":{"line":601,"column":49}},"107":{"start":{"line":604,"column":8},"end":{"line":604,"column":60}},"108":{"start":{"line":607,"column":8},"end":{"line":607,"column":22228}},"109":{"start":{"line":609,"column":12},"end":{"line":609,"column":22323}},"110":{"start":{"line":620,"column":12},"end":{"line":620,"column":22745}},"111":{"start":{"line":625,"column":12},"end":{"line":625,"column":52}},"112":{"start":{"line":627,"column":12},"end":{"line":627,"column":22963}},"113":{"start":{"line":629,"column":16},"end":{"line":629,"column":65}},"114":{"start":{"line":634,"column":12},"end":{"line":634,"column":23395}},"115":{"start":{"line":640,"column":12},"end":{"line":640,"column":79}},"116":{"start":{"line":643,"column":12},"end":{"line":643,"column":23749}},"117":{"start":{"line":648,"column":12},"end":{"line":648,"column":23956}},"118":{"start":{"line":652,"column":12},"end":{"line":652,"column":24091}},"119":{"start":{"line":654,"column":16},"end":{"line":654,"column":24211}},"120":{"start":{"line":658,"column":16},"end":{"line":658,"column":24359}},"121":{"start":{"line":668,"column":16},"end":{"line":668,"column":72}},"122":{"start":{"line":673,"column":12},"end":{"line":673,"column":25015}},"123":{"start":{"line":674,"column":16},"end":{"line":674,"column":25094}},"124":{"start":{"line":677,"column":16},"end":{"line":677,"column":25226}},"125":{"start":{"line":684,"column":16},"end":{"line":684,"column":25528}},"126":{"start":{"line":688,"column":16},"end":{"line":688,"column":25674}},"127":{"start":{"line":711,"column":8},"end":{"line":711,"column":62}},"128":{"start":{"line":717,"column":8},"end":{"line":717,"column":41}},"129":{"start":{"line":720,"column":8},"end":{"line":720,"column":49}},"130":{"start":{"line":723,"column":8},"end":{"line":723,"column":48}},"131":{"start":{"line":726,"column":8},"end":{"line":726,"column":48}},"132":{"start":{"line":729,"column":8},"end":{"line":729,"column":77}},"133":{"start":{"line":732,"column":8},"end":{"line":732,"column":47}},"134":{"start":{"line":735,"column":8},"end":{"line":735,"column":55}},"135":{"start":{"line":738,"column":8},"end":{"line":738,"column":27469}},"136":{"start":{"line":743,"column":8},"end":{"line":743,"column":27630}},"137":{"start":{"line":744,"column":12},"end":{"line":744,"column":56}},"138":{"start":{"line":748,"column":8},"end":{"line":748,"column":49}},"139":{"start":{"line":754,"column":8},"end":{"line":754,"column":41}},"140":{"start":{"line":757,"column":8},"end":{"line":757,"column":49}},"141":{"start":{"line":760,"column":8},"end":{"line":760,"column":28154}},"142":{"start":{"line":765,"column":8},"end":{"line":765,"column":28324}},"143":{"start":{"line":770,"column":8},"end":{"line":770,"column":62}},"144":{"start":{"line":773,"column":8},"end":{"line":773,"column":48}},"145":{"start":{"line":776,"column":8},"end":{"line":776,"column":56}},"146":{"start":{"line":779,"column":8},"end":{"line":779,"column":58}},"147":{"start":{"line":782,"column":8},"end":{"line":782,"column":51}},"148":{"start":{"line":788,"column":8},"end":{"line":788,"column":57}},"149":{"start":{"line":791,"column":8},"end":{"line":791,"column":29188}},"150":{"start":{"line":797,"column":8},"end":{"line":797,"column":58}},"151":{"start":{"line":800,"column":8},"end":{"line":800,"column":49}},"152":{"start":{"line":805,"column":8},"end":{"line":805,"column":29599}},"153":{"start":{"line":810,"column":8},"end":{"line":810,"column":29769}},"154":{"start":{"line":815,"column":8},"end":{"line":815,"column":69}},"155":{"start":{"line":818,"column":8},"end":{"line":818,"column":72}}},"branchMap":{"1":{"line":154,"type":"if","locations":[{"start":{"line":154,"column":8},"end":{"line":154,"column":8}},{"start":{"line":154,"column":8},"end":{"line":154,"column":8}}]},"2":{"line":244,"type":"if","locations":[{"start":{"line":244,"column":8},"end":{"line":244,"column":8}},{"start":{"line":244,"column":8},"end":{"line":244,"column":8}}]},"3":{"line":252,"type":"if","locations":[{"start":{"line":252,"column":15},"end":{"line":252,"column":15}},{"start":{"line":252,"column":15},"end":{"line":252,"column":15}}]},"4":{"line":275,"type":"if","locations":[{"start":{"line":275,"column":16},"end":{"line":275,"column":16}},{"start":{"line":275,"column":16},"end":{"line":275,"column":16}}]},"5":{"line":277,"type":"if","locations":[{"start":{"line":277,"column":23},"end":{"line":277,"column":23}},{"start":{"line":277,"column":23},"end":{"line":277,"column":23}}]},"6":{"line":296,"type":"if","locations":[{"start":{"line":296,"column":8},"end":{"line":296,"column":8}},{"start":{"line":296,"column":8},"end":{"line":296,"column":8}}]},"7":{"line":299,"type":"if","locations":[{"start":{"line":299,"column":8},"end":{"line":299,"column":8}},{"start":{"line":299,"column":8},"end":{"line":299,"column":8}}]},"8":{"line":303,"type":"if","locations":[{"start":{"line":303,"column":8},"end":{"line":303,"column":8}},{"start":{"line":303,"column":8},"end":{"line":303,"column":8}}]},"9":{"line":315,"type":"if","locations":[{"start":{"line":315,"column":8},"end":{"line":315,"column":8}},{"start":{"line":315,"column":8},"end":{"line":315,"column":8}}]},"10":{"line":335,"type":"if","locations":[{"start":{"line":335,"column":8},"end":{"line":335,"column":8}},{"start":{"line":335,"column":8},"end":{"line":335,"column":8}}]},"11":{"line":419,"type":"if","locations":[{"start":{"line":419,"column":8},"end":{"line":419,"column":8}},{"start":{"line":419,"column":8},"end":{"line":419,"column":8}}]},"12":{"line":427,"type":"if","locations":[{"start":{"line":427,"column":15},"end":{"line":427,"column":15}},{"start":{"line":427,"column":15},"end":{"line":427,"column":15}}]},"13":{"line":448,"type":"if","locations":[{"start":{"line":448,"column":16},"end":{"line":448,"column":16}},{"start":{"line":448,"column":16},"end":{"line":448,"column":16}}]},"14":{"line":450,"type":"if","locations":[{"start":{"line":450,"column":23},"end":{"line":450,"column":23}},{"start":{"line":450,"column":23},"end":{"line":450,"column":23}}]},"15":{"line":469,"type":"if","locations":[{"start":{"line":469,"column":8},"end":{"line":469,"column":8}},{"start":{"line":469,"column":8},"end":{"line":469,"column":8}}]},"16":{"line":472,"type":"if","locations":[{"start":{"line":472,"column":8},"end":{"line":472,"column":8}},{"start":{"line":472,"column":8},"end":{"line":472,"column":8}}]},"17":{"line":481,"type":"if","locations":[{"start":{"line":481,"column":8},"end":{"line":481,"column":8}},{"start":{"line":481,"column":8},"end":{"line":481,"column":8}}]},"18":{"line":520,"type":"if","locations":[{"start":{"line":520,"column":8},"end":{"line":520,"column":8}},{"start":{"line":520,"column":8},"end":{"line":520,"column":8}}]},"19":{"line":522,"type":"if","locations":[{"start":{"line":522,"column":12},"end":{"line":522,"column":12}},{"start":{"line":522,"column":12},"end":{"line":522,"column":12}}]},"20":{"line":547,"type":"if","locations":[{"start":{"line":547,"column":12},"end":{"line":547,"column":12}},{"start":{"line":547,"column":12},"end":{"line":547,"column":12}}]},"21":{"line":555,"type":"if","locations":[{"start":{"line":555,"column":12},"end":{"line":555,"column":12}},{"start":{"line":555,"column":12},"end":{"line":555,"column":12}}]},"22":{"line":562,"type":"if","locations":[{"start":{"line":562,"column":12},"end":{"line":562,"column":12}},{"start":{"line":562,"column":12},"end":{"line":562,"column":12}}]},"23":{"line":607,"type":"if","locations":[{"start":{"line":607,"column":8},"end":{"line":607,"column":8}},{"start":{"line":607,"column":8},"end":{"line":607,"column":8}}]},"24":{"line":627,"type":"if","locations":[{"start":{"line":627,"column":12},"end":{"line":627,"column":12}},{"start":{"line":627,"column":12},"end":{"line":627,"column":12}}]},"25":{"line":629,"type":"if","locations":[{"start":{"line":629,"column":16},"end":{"line":629,"column":16}},{"start":{"line":629,"column":16},"end":{"line":629,"column":16}}]},"26":{"line":634,"type":"if","locations":[{"start":{"line":634,"column":12},"end":{"line":634,"column":12}},{"start":{"line":634,"column":12},"end":{"line":634,"column":12}}]},"27":{"line":652,"type":"if","locations":[{"start":{"line":652,"column":12},"end":{"line":652,"column":12}},{"start":{"line":652,"column":12},"end":{"line":652,"column":12}}]},"28":{"line":673,"type":"if","locations":[{"start":{"line":673,"column":12},"end":{"line":673,"column":12}},{"start":{"line":673,"column":12},"end":{"line":673,"column":12}}]},"29":{"line":717,"type":"if","locations":[{"start":{"line":717,"column":8},"end":{"line":717,"column":8}},{"start":{"line":717,"column":8},"end":{"line":717,"column":8}}]},"30":{"line":726,"type":"if","locations":[{"start":{"line":726,"column":8},"end":{"line":726,"column":8}},{"start":{"line":726,"column":8},"end":{"line":726,"column":8}}]},"31":{"line":743,"type":"if","locations":[{"start":{"line":743,"column":8},"end":{"line":743,"column":8}},{"start":{"line":743,"column":8},"end":{"line":743,"column":8}}]},"32":{"line":754,"type":"if","locations":[{"start":{"line":754,"column":8},"end":{"line":754,"column":8}},{"start":{"line":754,"column":8},"end":{"line":754,"column":8}}]},"33":{"line":770,"type":"if","locations":[{"start":{"line":770,"column":8},"end":{"line":770,"column":8}},{"start":{"line":770,"column":8},"end":{"line":770,"column":8}}]},"34":{"line":788,"type":"if","locations":[{"start":{"line":788,"column":8},"end":{"line":788,"column":8}},{"start":{"line":788,"column":8},"end":{"line":788,"column":8}}]},"35":{"line":791,"type":"if","locations":[{"start":{"line":791,"column":8},"end":{"line":791,"column":8}},{"start":{"line":791,"column":8},"end":{"line":791,"column":8}}]}}},
"contracts/IFAllocationSale.sol":{"l":{"115":33,"117":33,"119":33,"121":33,"123":33,"124":33,"125":33,"126":33,"127":33,"128":33,"129":33,"130":33,"131":33,"132":33,"139":11,"140":11,"145":3,"149":3,"154":2,"158":2,"166":11,"169":11,"172":11,"175":11,"181":0,"183":0,"186":0,"194":4,"196":4,"199":4,"205":9,"207":9,"210":9,"216":0,"218":0,"221":0,"229":2,"232":2,"237":1,"240":1,"250":22,"253":22,"265":8,"270":8,"276":8,"279":8,"282":8,"284":5,"287":5,"290":5,"296":3,"301":8,"312":8,"313":8,"314":0,"318":8,"325":8,"326":8,"329":8,"333":8,"336":8,"339":8,"342":7,"349":7,"352":7,"355":7,"358":7,"364":7,"366":7,"375":1,"377":1,"387":6,"389":5,"391":5,"394":4,"397":4,"400":4,"403":4,"406":4,"409":4,"418":1,"420":1,"422":1,"424":1,"430":0,"433":0,"436":0,"439":0,"442":0,"448":3,"450":3,"453":2,"456":2,"459":2,"462":2,"465":2,"469":2,"474":2,"477":2,"480":2,"486":0,"488":0,"491":0,"494":0},"path":"/Users/impossiblepascal/impossible-git/smart-contracts/launchpad-contracts/contracts/IFAllocationSale.sol","s":{"1":33,"2":33,"3":33,"4":33,"5":33,"6":33,"7":33,"8":33,"9":33,"10":33,"11":33,"12":33,"13":33,"14":33,"15":11,"16":3,"17":2,"18":11,"19":11,"20":11,"21":11,"22":0,"23":0,"24":0,"25":4,"26":4,"27":4,"28":9,"29":9,"30":9,"31":0,"32":0,"33":0,"34":2,"35":2,"36":1,"37":1,"38":22,"39":22,"40":8,"41":8,"42":8,"43":8,"44":8,"45":5,"46":5,"47":5,"48":3,"49":8,"50":8,"51":8,"52":0,"53":8,"54":8,"55":8,"56":8,"57":8,"58":8,"59":8,"60":7,"61":7,"62":7,"63":7,"64":7,"65":7,"66":7,"67":7,"68":1,"69":1,"70":6,"71":5,"72":5,"73":4,"74":4,"75":4,"76":4,"77":4,"78":4,"79":1,"80":1,"81":1,"82":1,"83":0,"84":0,"85":0,"86":0,"87":0,"88":3,"89":3,"90":2,"91":2,"92":2,"93":2,"94":2,"95":2,"96":2,"97":2,"98":2,"99":0,"100":0,"101":0,"102":0},"b":{"1":[33,0],"2":[33,0],"3":[33,0],"4":[33,0],"5":[11,0],"6":[3,0],"7":[2,0],"8":[11,0],"9":[0,0],"10":[4,0],"11":[9,0],"12":[0,0],"13":[8,0],"14":[5,3],"15":[0,8],"16":[8,0],"17":[8,0],"18":[8,0],"19":[8,0],"20":[7,1],"21":[7,0],"22":[7,0],"23":[1,0],"24":[5,1],"25":[5,0],"26":[4,1],"27":[1,0],"28":[1,0],"29":[1,0],"30":[0,1],"31":[3,0],"32":[2,1],"33":[0,0]},"f":{"1":33,"2":11,"3":3,"4":2,"5":11,"6":0,"7":4,"8":9,"9":0,"10":2,"11":1,"12":22,"13":8,"14":8,"15":8,"16":7,"17":1,"18":6,"19":1,"20":3,"21":0},"fnMap":{"1":{"name":"constructor","line":102,"loc":{"start":{"line":102,"column":4},"end":{"line":133,"column":4}}},"2":{"name":"onlyFunder","line":138,"loc":{"start":{"line":138,"column":4},"end":{"line":141,"column":4}}},"3":{"name":"onlyCasherOrOwner","line":144,"loc":{"start":{"line":144,"column":4},"end":{"line":150,"column":4}}},"4":{"name":"onlyWhitelistSetterOrOwner","line":153,"loc":{"start":{"line":153,"column":4},"end":{"line":159,"column":4}}},"5":{"name":"fund","line":164,"loc":{"start":{"line":164,"column":4},"end":{"line":176,"column":4}}},"6":{"name":"setMinTotalPayment","line":179,"loc":{"start":{"line":179,"column":4},"end":{"line":187,"column":4}}},"7":{"name":"setSaleTokenAllocationOverride","line":192,"loc":{"start":{"line":190,"column":4},"end":{"line":200,"column":4}}},"8":{"name":"setCasher","line":203,"loc":{"start":{"line":203,"column":4},"end":{"line":211,"column":4}}},"9":{"name":"setWhitelistSetter","line":214,"loc":{"start":{"line":214,"column":4},"end":{"line":222,"column":4}}},"10":{"name":"setWhitelist","line":227,"loc":{"start":{"line":225,"column":4},"end":{"line":233,"column":4}}},"11":{"name":"setWithdrawDelay","line":236,"loc":{"start":{"line":236,"column":4},"end":{"line":241,"column":4}}},"12":{"name":"checkWhitelist","line":244,"loc":{"start":{"line":244,"column":4},"end":{"line":254,"column":4}}},"13":{"name":"getTotalPaymentAllocation","line":259,"loc":{"start":{"line":259,"column":4},"end":{"line":302,"column":4}}},"14":{"name":"getMaxPayment","line":310,"loc":{"start":{"line":310,"column":4},"end":{"line":319,"column":4}}},"15":{"name":"_purchase","line":323,"loc":{"start":{"line":323,"column":4},"end":{"line":359,"column":4}}},"16":{"name":"purchase","line":362,"loc":{"start":{"line":362,"column":4},"end":{"line":367,"column":4}}},"17":{"name":"whitelistedPurchase","line":370,"loc":{"start":{"line":370,"column":4},"end":{"line":378,"column":4}}},"18":{"name":"withdraw","line":381,"loc":{"start":{"line":381,"column":4},"end":{"line":410,"column":4}}},"19":{"name":"withdrawGiveaway","line":415,"loc":{"start":{"line":413,"column":4},"end":{"line":443,"column":4}}},"20":{"name":"cash","line":446,"loc":{"start":{"line":446,"column":4},"end":{"line":481,"column":4}}},"21":{"name":"emergencyTokenRetrieve","line":484,"loc":{"start":{"line":484,"column":4},"end":{"line":495,"column":4}}}},"statementMap":{"1":{"start":{"line":115,"column":8},"end":{"line":115,"column":51}},"2":{"start":{"line":117,"column":8},"end":{"line":117,"column":66}},"3":{"start":{"line":119,"column":8},"end":{"line":119,"column":73}},"4":{"start":{"line":121,"column":8},"end":{"line":121,"column":67}},"5":{"start":{"line":123,"column":8},"end":{"line":123,"column":29}},"6":{"start":{"line":124,"column":8},"end":{"line":124,"column":23}},"7":{"start":{"line":125,"column":8},"end":{"line":125,"column":35}},"8":{"start":{"line":126,"column":8},"end":{"line":126,"column":29}},"9":{"start":{"line":127,"column":8},"end":{"line":127,"column":43}},"10":{"start":{"line":128,"column":8},"end":{"line":128,"column":25}},"11":{"start":{"line":129,"column":8},"end":{"line":129,"column":47}},"12":{"start":{"line":130,"column":8},"end":{"line":130,"column":29}},"13":{"start":{"line":131,"column":8},"end":{"line":131,"column":25}},"14":{"start":{"line":132,"column":8},"end":{"line":132,"column":41}},"15":{"start":{"line":139,"column":8},"end":{"line":139,"column":59}},"16":{"start":{"line":145,"column":8},"end":{"line":145,"column":5629}},"17":{"start":{"line":154,"column":8},"end":{"line":154,"column":5895}},"18":{"start":{"line":166,"column":8},"end":{"line":166,"column":67}},"19":{"start":{"line":169,"column":8},"end":{"line":169,"column":70}},"20":{"start":{"line":172,"column":8},"end":{"line":172,"column":27}},"21":{"start":{"line":175,"column":8},"end":{"line":175,"column":39}},"22":{"start":{"line":181,"column":8},"end":{"line":181,"column":67}},"23":{"start":{"line":183,"column":8},"end":{"line":183,"column":41}},"24":{"start":{"line":186,"column":8},"end":{"line":186,"column":49}},"25":{"start":{"line":194,"column":8},"end":{"line":194,"column":67}},"26":{"start":{"line":196,"column":8},"end":{"line":196,"column":65}},"27":{"start":{"line":199,"column":8},"end":{"line":199,"column":73}},"28":{"start":{"line":205,"column":8},"end":{"line":205,"column":67}},"29":{"start":{"line":207,"column":8},"end":{"line":207,"column":23}},"30":{"start":{"line":210,"column":8},"end":{"line":210,"column":31}},"31":{"start":{"line":216,"column":8},"end":{"line":216,"column":67}},"32":{"start":{"line":218,"column":8},"end":{"line":218,"column":41}},"33":{"start":{"line":221,"column":8},"end":{"line":221,"column":49}},"34":{"start":{"line":229,"column":8},"end":{"line":229,"column":45}},"35":{"start":{"line":232,"column":8},"end":{"line":232,"column":45}},"36":{"start":{"line":237,"column":8},"end":{"line":237,"column":37}},"37":{"start":{"line":240,"column":8},"end":{"line":240,"column":45}},"38":{"start":{"line":250,"column":8},"end":{"line":250,"column":56}},"39":{"start":{"line":253,"column":8},"end":{"line":253,"column":71}},"40":{"start":{"line":265,"column":8},"end":{"line":265,"column":9499}},"41":{"start":{"line":270,"column":8},"end":{"line":270,"column":9646}},"42":{"start":{"line":276,"column":8},"end":{"line":276,"column":52}},"43":{"start":{"line":279,"column":8},"end":{"line":279,"column":38}},"44":{"start":{"line":282,"column":8},"end":{"line":282,"column":10039}},"45":{"start":{"line":284,"column":12},"end":{"line":284,"column":71}},"46":{"start":{"line":287,"column":12},"end":{"line":287,"column":73}},"47":{"start":{"line":290,"column":12},"end":{"line":290,"column":10425}},"48":{"start":{"line":296,"column":12},"end":{"line":296,"column":10658}},"49":{"start":{"line":301,"column":8},"end":{"line":301,"column":37}},"50":{"start":{"line":312,"column":8},"end":{"line":312,"column":53}},"51":{"start":{"line":313,"column":8},"end":{"line":313,"column":11315}},"52":{"start":{"line":314,"column":12},"end":{"line":314,"column":32}},"53":{"start":{"line":318,"column":8},"end":{"line":318,"column":42}},"54":{"start":{"line":325,"column":8},"end":{"line":325,"column":66}},"55":{"start":{"line":326,"column":8},"end":{"line":326,"column":55}},"56":{"start":{"line":329,"column":8},"end":{"line":329,"column":65}},"57":{"start":{"line":333,"column":8},"end":{"line":333,"column":67}},"58":{"start":{"line":336,"column":8},"end":{"line":336,"column":55}},"59":{"start":{"line":339,"column":8},"end":{"line":339,"column":65}},"60":{"start":{"line":342,"column":8},"end":{"line":342,"column":12448}},"61":{"start":{"line":349,"column":8},"end":{"line":349,"column":67}},"62":{"start":{"line":349,"column":48},"end":{"line":349,"column":66}},"63":{"start":{"line":352,"column":8},"end":{"line":352,"column":53}},"64":{"start":{"line":355,"column":8},"end":{"line":355,"column":44}},"65":{"start":{"line":358,"column":8},"end":{"line":358,"column":50}},"66":{"start":{"line":364,"column":8},"end":{"line":364,"column":65}},"67":{"start":{"line":366,"column":8},"end":{"line":366,"column":31}},"68":{"start":{"line":375,"column":8},"end":{"line":375,"column":74}},"69":{"start":{"line":377,"column":8},"end":{"line":377,"column":31}},"70":{"start":{"line":387,"column":8},"end":{"line":387,"column":80}},"71":{"start":{"line":389,"column":8},"end":{"line":389,"column":72}},"72":{"start":{"line":391,"column":8},"end":{"line":391,"column":54}},"73":{"start":{"line":394,"column":8},"end":{"line":394,"column":55}},"74":{"start":{"line":397,"column":8},"end":{"line":397,"column":75}},"75":{"start":{"line":400,"column":8},"end":{"line":400,"column":40}},"76":{"start":{"line":403,"column":8},"end":{"line":403,"column":27}},"77":{"start":{"line":406,"column":8},"end":{"line":406,"column":58}},"78":{"start":{"line":409,"column":8},"end":{"line":409,"column":50}},"79":{"start":{"line":418,"column":8},"end":{"line":418,"column":80}},"80":{"start":{"line":420,"column":8},"end":{"line":420,"column":72}},"81":{"start":{"line":422,"column":8},"end":{"line":422,"column":48}},"82":{"start":{"line":424,"column":8},"end":{"line":424,"column":15478}},"83":{"start":{"line":430,"column":8},"end":{"line":430,"column":59}},"84":{"start":{"line":433,"column":8},"end":{"line":433,"column":40}},"85":{"start":{"line":436,"column":8},"end":{"line":436,"column":27}},"86":{"start":{"line":439,"column":8},"end":{"line":439,"column":58}},"87":{"start":{"line":442,"column":8},"end":{"line":442,"column":50}},"88":{"start":{"line":448,"column":8},"end":{"line":448,"column":80}},"89":{"start":{"line":450,"column":8},"end":{"line":450,"column":44}},"90":{"start":{"line":453,"column":8},"end":{"line":453,"column":23}},"91":{"start":{"line":456,"column":8},"end":{"line":456,"column":71}},"92":{"start":{"line":459,"column":8},"end":{"line":459,"column":72}},"93":{"start":{"line":462,"column":8},"end":{"line":462,"column":65}},"94":{"start":{"line":465,"column":8},"end":{"line":465,"column":16919}},"95":{"start":{"line":469,"column":8},"end":{"line":469,"column":17116}},"96":{"start":{"line":474,"column":8},"end":{"line":474,"column":58}},"97":{"start":{"line":477,"column":8},"end":{"line":477,"column":66}},"98":{"start":{"line":480,"column":8},"end":{"line":480,"column":62}},"99":{"start":{"line":486,"column":8},"end":{"line":486,"column":43}},"100":{"start":{"line":488,"column":8},"end":{"line":488,"column":68}},"101":{"start":{"line":491,"column":8},"end":{"line":491,"column":60}},"102":{"start":{"line":494,"column":8},"end":{"line":494,"column":63}}},"branchMap":{"1":{"line":115,"type":"if","locations":[{"start":{"line":115,"column":8},"end":{"line":115,"column":8}},{"start":{"line":115,"column":8},"end":{"line":115,"column":8}}]},"2":{"line":117,"type":"if","locations":[{"start":{"line":117,"column":8},"end":{"line":117,"column":8}},{"start":{"line":117,"column":8},"end":{"line":117,"column":8}}]},"3":{"line":119,"type":"if","locations":[{"start":{"line":119,"column":8},"end":{"line":119,"column":8}},{"start":{"line":119,"column":8},"end":{"line":119,"column":8}}]},"4":{"line":121,"type":"if","locations":[{"start":{"line":121,"column":8},"end":{"line":121,"column":8}},{"start":{"line":121,"column":8},"end":{"line":121,"column":8}}]},"5":{"line":139,"type":"if","locations":[{"start":{"line":139,"column":8},"end":{"line":139,"column":8}},{"start":{"line":139,"column":8},"end":{"line":139,"column":8}}]},"6":{"line":145,"type":"if","locations":[{"start":{"line":145,"column":8},"end":{"line":145,"column":8}},{"start":{"line":145,"column":8},"end":{"line":145,"column":8}}]},"7":{"line":154,"type":"if","locations":[{"start":{"line":154,"column":8},"end":{"line":154,"column":8}},{"start":{"line":154,"column":8},"end":{"line":154,"column":8}}]},"8":{"line":166,"type":"if","locations":[{"start":{"line":166,"column":8},"end":{"line":166,"column":8}},{"start":{"line":166,"column":8},"end":{"line":166,"column":8}}]},"9":{"line":181,"type":"if","locations":[{"start":{"line":181,"column":8},"end":{"line":181,"column":8}},{"start":{"line":181,"column":8},"end":{"line":181,"column":8}}]},"10":{"line":194,"type":"if","locations":[{"start":{"line":194,"column":8},"end":{"line":194,"column":8}},{"start":{"line":194,"column":8},"end":{"line":194,"column":8}}]},"11":{"line":205,"type":"if","locations":[{"start":{"line":205,"column":8},"end":{"line":205,"column":8}},{"start":{"line":205,"column":8},"end":{"line":205,"column":8}}]},"12":{"line":216,"type":"if","locations":[{"start":{"line":216,"column":8},"end":{"line":216,"column":8}},{"start":{"line":216,"column":8},"end":{"line":216,"column":8}}]},"13":{"line":276,"type":"if","locations":[{"start":{"line":276,"column":8},"end":{"line":276,"column":8}},{"start":{"line":276,"column":8},"end":{"line":276,"column":8}}]},"14":{"line":282,"type":"if","locations":[{"start":{"line":282,"column":8},"end":{"line":282,"column":8}},{"start":{"line":282,"column":8},"end":{"line":282,"column":8}}]},"15":{"line":313,"type":"if","locations":[{"start":{"line":313,"column":8},"end":{"line":313,"column":8}},{"start":{"line":313,"column":8},"end":{"line":313,"column":8}}]},"16":{"line":325,"type":"if","locations":[{"start":{"line":325,"column":8},"end":{"line":325,"column":8}},{"start":{"line":325,"column":8},"end":{"line":325,"column":8}}]},"17":{"line":326,"type":"if","locations":[{"start":{"line":326,"column":8},"end":{"line":326,"column":8}},{"start":{"line":326,"column":8},"end":{"line":326,"column":8}}]},"18":{"line":329,"type":"if","locations":[{"start":{"line":329,"column":8},"end":{"line":329,"column":8}},{"start":{"line":329,"column":8},"end":{"line":329,"column":8}}]},"19":{"line":333,"type":"if","locations":[{"start":{"line":333,"column":8},"end":{"line":333,"column":8}},{"start":{"line":333,"column":8},"end":{"line":333,"column":8}}]},"20":{"line":339,"type":"if","locations":[{"start":{"line":339,"column":8},"end":{"line":339,"column":8}},{"start":{"line":339,"column":8},"end":{"line":339,"column":8}}]},"21":{"line":349,"type":"if","locations":[{"start":{"line":349,"column":8},"end":{"line":349,"column":8}},{"start":{"line":349,"column":8},"end":{"line":349,"column":8}}]},"22":{"line":364,"type":"if","locations":[{"start":{"line":364,"column":8},"end":{"line":364,"column":8}},{"start":{"line":364,"column":8},"end":{"line":364,"column":8}}]},"23":{"line":375,"type":"if","locations":[{"start":{"line":375,"column":8},"end":{"line":375,"column":8}},{"start":{"line":375,"column":8},"end":{"line":375,"column":8}}]},"24":{"line":387,"type":"if","locations":[{"start":{"line":387,"column":8},"end":{"line":387,"column":8}},{"start":{"line":387,"column":8},"end":{"line":387,"column":8}}]},"25":{"line":389,"type":"if","locations":[{"start":{"line":389,"column":8},"end":{"line":389,"column":8}},{"start":{"line":389,"column":8},"end":{"line":389,"column":8}}]},"26":{"line":391,"type":"if","locations":[{"start":{"line":391,"column":8},"end":{"line":391,"column":8}},{"start":{"line":391,"column":8},"end":{"line":391,"column":8}}]},"27":{"line":418,"type":"if","locations":[{"start":{"line":418,"column":8},"end":{"line":418,"column":8}},{"start":{"line":418,"column":8},"end":{"line":418,"column":8}}]},"28":{"line":420,"type":"if","locations":[{"start":{"line":420,"column":8},"end":{"line":420,"column":8}},{"start":{"line":420,"column":8},"end":{"line":420,"column":8}}]},"29":{"line":422,"type":"if","locations":[{"start":{"line":422,"column":8},"end":{"line":422,"column":8}},{"start":{"line":422,"column":8},"end":{"line":422,"column":8}}]},"30":{"line":424,"type":"if","locations":[{"start":{"line":424,"column":8},"end":{"line":424,"column":8}},{"start":{"line":424,"column":8},"end":{"line":424,"column":8}}]},"31":{"line":448,"type":"if","locations":[{"start":{"line":448,"column":8},"end":{"line":448,"column":8}},{"start":{"line":448,"column":8},"end":{"line":448,"column":8}}]},"32":{"line":450,"type":"if","locations":[{"start":{"line":450,"column":8},"end":{"line":450,"column":8}},{"start":{"line":450,"column":8},"end":{"line":450,"column":8}}]},"33":{"line":486,"type":"if","locations":[{"start":{"line":486,"column":8},"end":{"line":486,"column":8}},{"start":{"line":486,"column":8},"end":{"line":486,"column":8}}]}}},
"contracts/Multicall2.sol":{"l":{"27":0,"28":0,"29":0,"30":0,"33":0,"34":0,"46":0,"57":0,"61":0,"65":0,"73":0,"77":0,"85":0,"89":0,"93":0,"100":0,"101":0,"102":0,"106":0,"107":0,"110":0,"122":0,"123":0,"124":0},"path":"/Users/impossiblepascal/impossible-git/smart-contracts/launchpad-contracts/contracts/Multicall2.sol","s":{"1":0,"2":0,"3":0,"4":0,"5":0,"6":0,"7":0,"8":0,"9":0,"10":0,"11":0,"12":0,"13":0,"14":0,"15":0,"16":0,"17":0,"18":0,"19":0,"20":0,"21":0,"22":0,"23":0,"24":0},"b":{"1":[0,0],"2":[0,0],"3":[0,0]},"f":{"1":0,"2":0,"3":0,"4":0,"5":0,"6":0,"7":0,"8":0,"9":0,"10":0,"11":0,"12":0},"fnMap":{"1":{"name":"aggregate","line":23,"loc":{"start":{"line":23,"column":4},"end":{"line":36,"column":4}}},"2":{"name":"blockAndAggregate","line":38,"loc":{"start":{"line":38,"column":4},"end":{"line":50,"column":4}}},"3":{"name":"getBlockHash","line":52,"loc":{"start":{"line":52,"column":4},"end":{"line":58,"column":4}}},"4":{"name":"getBlockNumber","line":60,"loc":{"start":{"line":60,"column":4},"end":{"line":62,"column":4}}},"5":{"name":"getCurrentBlockCoinbase","line":64,"loc":{"start":{"line":64,"column":4},"end":{"line":66,"column":4}}},"6":{"name":"getCurrentBlockDifficulty","line":68,"loc":{"start":{"line":68,"column":4},"end":{"line":74,"column":4}}},"7":{"name":"getCurrentBlockGasLimit","line":76,"loc":{"start":{"line":76,"column":4},"end":{"line":78,"column":4}}},"8":{"name":"getCurrentBlockTimestamp","line":80,"loc":{"start":{"line":80,"column":4},"end":{"line":86,"column":4}}},"9":{"name":"getEthBalance","line":88,"loc":{"start":{"line":88,"column":4},"end":{"line":90,"column":4}}},"10":{"name":"getLastBlockHash","line":92,"loc":{"start":{"line":92,"column":4},"end":{"line":94,"column":4}}},"11":{"name":"tryAggregate","line":96,"loc":{"start":{"line":96,"column":4},"end":{"line":112,"column":4}}},"12":{"name":"tryBlockAndAggregate","line":114,"loc":{"start":{"line":114,"column":4},"end":{"line":125,"column":4}}}},"statementMap":{"1":{"start":{"line":27,"column":8},"end":{"line":27,"column":33}},"2":{"start":{"line":28,"column":8},"end":{"line":28,"column":45}},"3":{"start":{"line":29,"column":8},"end":{"line":29,"column":751}},"4":{"start":{"line":30,"column":12},"end":{"line":30,"column":813}},"5":{"start":{"line":33,"column":12},"end":{"line":33,"column":63}},"6":{"start":{"line":34,"column":12},"end":{"line":34,"column":30}},"7":{"start":{"line":46,"column":8},"end":{"line":46,"column":1242}},"8":{"start":{"line":57,"column":8},"end":{"line":57,"column":41}},"9":{"start":{"line":61,"column":8},"end":{"line":61,"column":33}},"10":{"start":{"line":65,"column":8},"end":{"line":65,"column":32}},"11":{"start":{"line":73,"column":8},"end":{"line":73,"column":36}},"12":{"start":{"line":77,"column":8},"end":{"line":77,"column":32}},"13":{"start":{"line":85,"column":8},"end":{"line":85,"column":34}},"14":{"start":{"line":89,"column":8},"end":{"line":89,"column":29}},"15":{"start":{"line":93,"column":8},"end":{"line":93,"column":46}},"16":{"start":{"line":100,"column":8},"end":{"line":100,"column":46}},"17":{"start":{"line":101,"column":8},"end":{"line":101,"column":2639}},"18":{"start":{"line":102,"column":12},"end":{"line":102,"column":2701}},"19":{"start":{"line":106,"column":12},"end":{"line":106,"column":2819}},"20":{"start":{"line":107,"column":16},"end":{"line":107,"column":68}},"21":{"start":{"line":110,"column":12},"end":{"line":110,"column":47}},"22":{"start":{"line":122,"column":8},"end":{"line":122,"column":33}},"23":{"start":{"line":123,"column":8},"end":{"line":123,"column":42}},"24":{"start":{"line":124,"column":8},"end":{"line":124,"column":55}}},"branchMap":{"1":{"line":33,"type":"if","locations":[{"start":{"line":33,"column":12},"end":{"line":33,"column":12}},{"start":{"line":33,"column":12},"end":{"line":33,"column":12}}]},"2":{"line":106,"type":"if","locations":[{"start":{"line":106,"column":12},"end":{"line":106,"column":12}},{"start":{"line":106,"column":12},"end":{"line":106,"column":12}}]},"3":{"line":107,"type":"if","locations":[{"start":{"line":107,"column":16},"end":{"line":107,"column":16}},{"start":{"line":107,"column":16},"end":{"line":107,"column":16}}]}}},
"contracts/TestMerkleVerifier.sol":{"l":{"17":1,"19":1,"20":3,"22":3,"24":1,"29":2,"36":1},"path":"/Users/impossiblepascal/impossible-git/smart-contracts/launchpad-contracts/contracts/TestMerkleVerifier.sol","s":{"1":1,"2":1,"3":3,"4":3,"5":1,"6":2,"7":1},"b":{"1":[1,2]},"f":{"1":3,"2":1},"fnMap":{"1":{"name":"constructor","line":9,"loc":{"start":{"line":9,"column":4},"end":{"line":9,"column":19}}},"2":{"name":"verify","line":12,"loc":{"start":{"line":12,"column":4},"end":{"line":37,"column":4}}}},"statementMap":{"1":{"start":{"line":17,"column":8},"end":{"line":17,"column":35}},"2":{"start":{"line":19,"column":8},"end":{"line":19,"column":445}},"3":{"start":{"line":20,"column":12},"end":{"line":20,"column":43}},"4":{"start":{"line":22,"column":12},"end":{"line":22,"column":552}},"5":{"start":{"line":24,"column":16},"end":{"line":24,"column":686}},"6":{"start":{"line":29,"column":16},"end":{"line":29,"column":911}},"7":{"start":{"line":36,"column":8},"end":{"line":36,"column":35}}},"branchMap":{"1":{"line":22,"type":"if","locations":[{"start":{"line":22,"column":12},"end":{"line":22,"column":12}},{"start":{"line":22,"column":12},"end":{"line":22,"column":12}}]}}},
"contracts/vIDIA.sol":{"l":{"83":27,"84":27,"85":27,"86":27,"87":27,"91":8,"92":8,"93":8,"94":8,"95":8,"96":8,"97":8,"105":4,"109":3,"110":3,"111":3,"113":3,"115":3,"116":3,"117":3,"126":1,"136":4,"138":4,"139":4,"141":4,"142":4,"144":4,"146":4,"148":4,"150":4,"151":4,"152":4,"162":6,"167":5,"168":5,"170":5,"172":5,"174":5,"176":5,"177":5,"178":1,"180":5,"181":5,"191":6,"196":5,"197":5,"199":5,"201":5,"203":5,"204":5,"206":5,"207":5,"208":1,"211":5,"212":5,"213":5,"214":5,"219":20,"221":20,"223":20,"224":20,"225":20,"234":5,"238":5,"239":4,"248":5,"252":5,"253":4,"262":4,"266":4,"276":29,"288":2,"292":2,"302":2,"306":2,"314":5,"329":5,"334":3,"350":5,"355":3,"368":415,"381":0,"391":1},"path":"/Users/impossiblepascal/impossible-git/smart-contracts/launchpad-contracts/contracts/vIDIA.sol","s":{"1":27,"2":27,"3":27,"4":27,"5":27,"6":8,"7":8,"8":8,"9":8,"10":8,"11":8,"12":8,"13":4,"14":3,"15":3,"16":3,"17":3,"18":3,"19":3,"20":3,"21":1,"22":4,"23":4,"24":4,"25":4,"26":4,"27":4,"28":4,"29":4,"30":4,"31":4,"32":4,"33":6,"34":5,"35":5,"36":5,"37":5,"38":5,"39":5,"40":5,"41":1,"42":5,"43":5,"44":6,"45":5,"46":5,"47":5,"48":5,"49":5,"50":5,"51":5,"52":5,"53":1,"54":5,"55":5,"56":5,"57":5,"58":20,"59":20,"60":20,"61":20,"62":20,"63":5,"64":5,"65":4,"66":5,"67":5,"68":4,"69":4,"70":4,"71":29,"72":2,"73":2,"74":2,"75":2,"76":5,"77":5,"78":3,"79":5,"80":3,"81":415,"82":0,"83":1},"b":{"1":[3,1],"2":[4,0],"3":[5,1],"4":[5,0],"5":[1,4],"6":[5,1],"7":[5,0],"8":[1,4],"9":[5,0],"10":[4,1],"11":[5,0],"12":[4,1],"13":[4,0],"14":[2,0],"15":[2,0],"16":[3,2],"17":[3,2]},"f":{"1":27,"2":8,"3":4,"4":1,"5":4,"6":6,"7":6,"8":20,"9":5,"10":5,"11":4,"12":29,"13":2,"14":2,"15":5,"16":5,"17":5,"18":415,"19":0,"20":1},"fnMap":{"1":{"name":"constructor","line":82,"loc":{"start":{"line":77,"column":4},"end":{"line":88,"column":4}}},"2":{"name":"stake","line":90,"loc":{"start":{"line":90,"column":4},"end":{"line":98,"column":4}}},"3":{"name":"unstake","line":104,"loc":{"start":{"line":104,"column":4},"end":{"line":118,"column":4}}},"4":{"name":"claimUnstaked","line":125,"loc":{"start":{"line":125,"column":4},"end":{"line":127,"column":4}}},"5":{"name":"claimStaked","line":135,"loc":{"start":{"line":135,"column":4},"end":{"line":153,"column":4}}},"6":{"name":"claimPendingUnstake","line":161,"loc":{"start":{"line":161,"column":4},"end":{"line":182,"column":4}}},"7":{"name":"cancelPendingUnstake","line":190,"loc":{"start":{"line":190,"column":4},"end":{"line":215,"column":4}}},"8":{"name":"claimReward","line":218,"loc":{"start":{"line":218,"column":4},"end":{"line":226,"column":4}}},"9":{"name":"updateSkipDelayFee","line":233,"loc":{"start":{"line":233,"column":4},"end":{"line":240,"column":4}}},"10":{"name":"updateCancelUnstakeFee","line":247,"loc":{"start":{"line":247,"column":4},"end":{"line":254,"column":4}}},"11":{"name":"updateUnstakingDelay","line":261,"loc":{"start":{"line":261,"column":4},"end":{"line":267,"column":4}}},"12":{"name":"calculateUserReward","line":275,"loc":{"start":{"line":275,"column":4},"end":{"line":279,"column":4}}},"13":{"name":"addToWhitelist","line":287,"loc":{"start":{"line":287,"column":4},"end":{"line":293,"column":4}}},"14":{"name":"removeFromWhitelist","line":301,"loc":{"start":{"line":301,"column":4},"end":{"line":307,"column":4}}},"15":{"name":"getAllWhitelistedAddrs","line":313,"loc":{"start":{"line":313,"column":4},"end":{"line":315,"column":4}}},"16":{"name":"transfer","line":324,"loc":{"start":{"line":324,"column":4},"end":{"line":335,"column":4}}},"17":{"name":"transferFrom","line":345,"loc":{"start":{"line":345,"column":4},"end":{"line":356,"column":4}}},"18":{"name":"_msgSender","line":362,"loc":{"start":{"line":362,"column":4},"end":{"line":369,"column":4}}},"19":{"name":"_msgData","line":375,"loc":{"start":{"line":375,"column":4},"end":{"line":382,"column":4}}},"20":{"name":"supportsInterface","line":385,"loc":{"start":{"line":385,"column":4},"end":{"line":392,"column":4}}}},"statementMap":{"1":{"start":{"line":83,"column":8},"end":{"line":83,"column":42}},"2":{"start":{"line":84,"column":8},"end":{"line":84,"column":44}},"3":{"start":{"line":85,"column":8},"end":{"line":85,"column":48}},"4":{"start":{"line":86,"column":8},"end":{"line":86,"column":35}},"5":{"start":{"line":87,"column":8},"end":{"line":87,"column":21}},"6":{"start":{"line":91,"column":8},"end":{"line":91,"column":20}},"7":{"start":{"line":92,"column":8},"end":{"line":92,"column":34}},"8":{"start":{"line":93,"column":8},"end":{"line":93,"column":52}},"9":{"start":{"line":94,"column":8},"end":{"line":94,"column":34}},"10":{"start":{"line":95,"column":8},"end":{"line":95,"column":48}},"11":{"start":{"line":96,"column":8},"end":{"line":96,"column":73}},"12":{"start":{"line":97,"column":8},"end":{"line":97,"column":40}},"13":{"start":{"line":105,"column":8},"end":{"line":105,"column":3258}},"14":{"start":{"line":109,"column":8},"end":{"line":109,"column":20}},"15":{"start":{"line":110,"column":8},"end":{"line":110,"column":34}},"16":{"start":{"line":111,"column":8},"end":{"line":111,"column":52}},"17":{"start":{"line":113,"column":8},"end":{"line":113,"column":74}},"18":{"start":{"line":115,"column":8},"end":{"line":115,"column":53}},"19":{"start":{"line":116,"column":8},"end":{"line":116,"column":50}},"20":{"start":{"line":117,"column":8},"end":{"line":117,"column":42}},"21":{"start":{"line":126,"column":8},"end":{"line":126,"column":43}},"22":{"start":{"line":136,"column":8},"end":{"line":136,"column":20}},"23":{"start":{"line":138,"column":8},"end":{"line":138,"column":59}},"24":{"start":{"line":139,"column":8},"end":{"line":139,"column":45}},"25":{"start":{"line":141,"column":8},"end":{"line":141,"column":34}},"26":{"start":{"line":142,"column":8},"end":{"line":142,"column":52}},"27":{"start":{"line":144,"column":8},"end":{"line":144,"column":4709}},"28":{"start":{"line":146,"column":12},"end":{"line":146,"column":58}},"29":{"start":{"line":148,"column":8},"end":{"line":148,"column":28}},"30":{"start":{"line":150,"column":8},"end":{"line":150,"column":19}},"31":{"start":{"line":151,"column":8},"end":{"line":151,"column":69}},"32":{"start":{"line":152,"column":8},"end":{"line":152,"column":59}},"33":{"start":{"line":162,"column":8},"end":{"line":162,"column":5451}},"34":{"start":{"line":167,"column":8},"end":{"line":167,"column":59}},"35":{"start":{"line":168,"column":8},"end":{"line":168,"column":45}},"36":{"start":{"line":170,"column":8},"end":{"line":170,"column":5698}},"37":{"start":{"line":172,"column":12},"end":{"line":172,"column":58}},"38":{"start":{"line":174,"column":8},"end":{"line":174,"column":28}},"39":{"start":{"line":176,"column":8},"end":{"line":176,"column":54}},"40":{"start":{"line":177,"column":8},"end":{"line":177,"column":5956}},"41":{"start":{"line":178,"column":12},"end":{"line":178,"column":47}},"42":{"start":{"line":180,"column":8},"end":{"line":180,"column":69}},"43":{"start":{"line":181,"column":8},"end":{"line":181,"column":67}},"44":{"start":{"line":191,"column":8},"end":{"line":191,"column":6556}},"45":{"start":{"line":196,"column":8},"end":{"line":196,"column":63}},"46":{"start":{"line":197,"column":8},"end":{"line":197,"column":42}},"47":{"start":{"line":199,"column":8},"end":{"line":199,"column":6804}},"48":{"start":{"line":201,"column":12},"end":{"line":201,"column":58}},"49":{"start":{"line":203,"column":8},"end":{"line":203,"column":28}},"50":{"start":{"line":204,"column":8},"end":{"line":204,"column":20}},"51":{"start":{"line":206,"column":8},"end":{"line":206,"column":54}},"52":{"start":{"line":207,"column":8},"end":{"line":207,"column":7085}},"53":{"start":{"line":208,"column":12},"end":{"line":208,"column":47}},"54":{"start":{"line":211,"column":8},"end":{"line":211,"column":57}},"55":{"start":{"line":212,"column":8},"end":{"line":212,"column":39}},"56":{"start":{"line":213,"column":8},"end":{"line":213,"column":39}},"57":{"start":{"line":214,"column":8},"end":{"line":214,"column":65}},"58":{"start":{"line":219,"column":8},"end":{"line":219,"column":46}},"59":{"start":{"line":221,"column":8},"end":{"line":221,"column":55}},"60":{"start":{"line":223,"column":8},"end":{"line":223,"column":49}},"61":{"start":{"line":224,"column":8},"end":{"line":224,"column":55}},"62":{"start":{"line":225,"column":8},"end":{"line":225,"column":46}},"63":{"start":{"line":234,"column":8},"end":{"line":234,"column":8106}},"64":{"start":{"line":238,"column":8},"end":{"line":238,"column":61}},"65":{"start":{"line":239,"column":8},"end":{"line":239,"column":28}},"66":{"start":{"line":248,"column":8},"end":{"line":248,"column":8592}},"67":{"start":{"line":252,"column":8},"end":{"line":252,"column":61}},"68":{"start":{"line":253,"column":8},"end":{"line":253,"column":32}},"69":{"start":{"line":262,"column":8},"end":{"line":262,"column":9097}},"70":{"start":{"line":266,"column":8},"end":{"line":266,"column":32}},"71":{"start":{"line":276,"column":8},"end":{"line":276,"column":9693}},"72":{"start":{"line":288,"column":8},"end":{"line":288,"column":10099}},"73":{"start":{"line":292,"column":8},"end":{"line":292,"column":61}},"74":{"start":{"line":302,"column":8},"end":{"line":302,"column":10637}},"75":{"start":{"line":306,"column":8},"end":{"line":306,"column":64}},"76":{"start":{"line":314,"column":8},"end":{"line":314,"column":55}},"77":{"start":{"line":329,"column":8},"end":{"line":329,"column":11534}},"78":{"start":{"line":334,"column":8},"end":{"line":334,"column":41}},"79":{"start":{"line":350,"column":8},"end":{"line":350,"column":12294}},"80":{"start":{"line":355,"column":8},"end":{"line":355,"column":51}},"81":{"start":{"line":368,"column":8},"end":{"line":368,"column":52}},"82":{"start":{"line":381,"column":8},"end":{"line":381,"column":50}},"83":{"start":{"line":391,"column":8},"end":{"line":391,"column":51}}},"branchMap":{"1":{"line":105,"type":"if","locations":[{"start":{"line":105,"column":8},"end":{"line":105,"column":8}},{"start":{"line":105,"column":8},"end":{"line":105,"column":8}}]},"2":{"line":144,"type":"if","locations":[{"start":{"line":144,"column":8},"end":{"line":144,"column":8}},{"start":{"line":144,"column":8},"end":{"line":144,"column":8}}]},"3":{"line":162,"type":"if","locations":[{"start":{"line":162,"column":8},"end":{"line":162,"column":8}},{"start":{"line":162,"column":8},"end":{"line":162,"column":8}}]},"4":{"line":170,"type":"if","locations":[{"start":{"line":170,"column":8},"end":{"line":170,"column":8}},{"start":{"line":170,"column":8},"end":{"line":170,"column":8}}]},"5":{"line":177,"type":"if","locations":[{"start":{"line":177,"column":8},"end":{"line":177,"column":8}},{"start":{"line":177,"column":8},"end":{"line":177,"column":8}}]},"6":{"line":191,"type":"if","locations":[{"start":{"line":191,"column":8},"end":{"line":191,"column":8}},{"start":{"line":191,"column":8},"end":{"line":191,"column":8}}]},"7":{"line":199,"type":"if","locations":[{"start":{"line":199,"column":8},"end":{"line":199,"column":8}},{"start":{"line":199,"column":8},"end":{"line":199,"column":8}}]},"8":{"line":207,"type":"if","locations":[{"start":{"line":207,"column":8},"end":{"line":207,"column":8}},{"start":{"line":207,"column":8},"end":{"line":207,"column":8}}]},"9":{"line":234,"type":"if","locations":[{"start":{"line":234,"column":8},"end":{"line":234,"column":8}},{"start":{"line":234,"column":8},"end":{"line":234,"column":8}}]},"10":{"line":238,"type":"if","locations":[{"start":{"line":238,"column":8},"end":{"line":238,"column":8}},{"start":{"line":238,"column":8},"end":{"line":238,"column":8}}]},"11":{"line":248,"type":"if","locations":[{"start":{"line":248,"column":8},"end":{"line":248,"column":8}},{"start":{"line":248,"column":8},"end":{"line":248,"column":8}}]},"12":{"line":252,"type":"if","locations":[{"start":{"line":252,"column":8},"end":{"line":252,"column":8}},{"start":{"line":252,"column":8},"end":{"line":252,"column":8}}]},"13":{"line":262,"type":"if","locations":[{"start":{"line":262,"column":8},"end":{"line":262,"column":8}},{"start":{"line":262,"column":8},"end":{"line":262,"column":8}}]},"14":{"line":288,"type":"if","locations":[{"start":{"line":288,"column":8},"end":{"line":288,"column":8}},{"start":{"line":288,"column":8},"end":{"line":288,"column":8}}]},"15":{"line":302,"type":"if","locations":[{"start":{"line":302,"column":8},"end":{"line":302,"column":8}},{"start":{"line":302,"column":8},"end":{"line":302,"column":8}}]},"16":{"line":329,"type":"if","locations":[{"start":{"line":329,"column":8},"end":{"line":329,"column":8}},{"start":{"line":329,"column":8},"end":{"line":329,"column":8}}]},"17":{"line":350,"type":"if","locations":[{"start":{"line":350,"column":8},"end":{"line":350,"column":8}},{"start":{"line":350,"column":8},"end":{"line":350,"column":8}}]}}}}
