TN:
SF:/Users/impossiblepascal/impossible-git/smart-contracts/launchpad-contracts/contracts/Create2Deployer.sol
FN:7,deploy
FNF:1
FNH:0
FNDA:0,deploy
DA:8,0
DA:9,0
DA:16,0
LF:3
LH:0
BRF:0
BRH:0
end_of_record
TN:
SF:/Users/impossiblepascal/impossible-git/smart-contracts/launchpad-contracts/contracts/GenericToken.sol
FN:12,constructor
FNF:1
FNH:1
FNDA:129,constructor
DA:13,129
LF:1
LH:1
BRF:0
BRH:0
end_of_record
TN:
SF:/Users/impossiblepascal/impossible-git/smart-contracts/launchpad-contracts/contracts/IFAllocationMaster.sol
FN:136,constructor
FN:141,trackCount
FN:153,addTrack
FN:181,bumpSaleCounter
FN:198,disableTrack
FN:207,activeRollOver
FN:236,getClosestUserCheckpoint
FN:291,getUserStakeWeight
FN:411,getClosestTrackCheckpoint
FN:464,getTotalStakeWeight
FN:500,addUserCheckpoint
FN:594,addTrackCheckpoint
FN:715,stake
FN:752,unstake
FN:786,emergencyWithdraw
FNF:15
FNH:11
FNDA:45,constructor
FNDA:15,trackCount
FNDA:15,addTrack
FNDA:1,bumpSaleCounter
FNDA:0,disableTrack
FNDA:0,activeRollOver
FNDA:8,getClosestUserCheckpoint
FNDA:8,getUserStakeWeight
FNDA:16,getClosestTrackCheckpoint
FNDA:8,getTotalStakeWeight
FNDA:18,addUserCheckpoint
FNDA:34,addTrackCheckpoint
FNDA:22,stake
FNDA:0,unstake
FNDA:0,emergencyWithdraw
DA:142,15
DA:154,15
DA:157,15
DA:169,15
DA:177,15
DA:183,1
DA:189,1
DA:192,1
DA:200,0
DA:203,0
DA:209,0
DA:212,0
DA:217,0
DA:220,0
DA:225,0
DA:229,0
DA:232,0
DA:242,8
DA:244,8
DA:251,8
DA:259,0
DA:268,0
DA:269,0
DA:270,0
DA:271,0
DA:272,0
DA:275,0
DA:276,0
DA:278,0
DA:280,0
DA:285,0
DA:296,8
DA:299,8
DA:302,8
DA:303,8
DA:304,0
DA:308,8
DA:315,8
DA:316,0
DA:321,8
DA:327,8
DA:331,8
DA:334,8
DA:335,8
DA:338,8
DA:341,8
DA:348,8
DA:353,0
DA:355,0
DA:359,0
DA:361,0
DA:366,0
DA:374,0
DA:379,0
DA:389,0
DA:395,0
DA:399,0
DA:407,0
DA:417,16
DA:419,16
DA:426,16
DA:432,0
DA:441,0
DA:442,0
DA:443,0
DA:444,0
DA:445,0
DA:448,0
DA:449,0
DA:451,0
DA:453,0
DA:458,0
DA:469,8
DA:472,8
DA:475,8
DA:481,8
DA:482,0
DA:486,8
DA:489,8
DA:492,8
DA:497,8
DA:506,18
DA:509,18
DA:512,18
DA:515,18
DA:520,18
DA:522,18
DA:525,18
DA:528,18
DA:531,18
DA:539,18
DA:542,0
DA:547,0
DA:555,0
DA:562,0
DA:563,0
DA:566,0
DA:568,0
DA:584,0
DA:591,18
DA:601,34
DA:604,34
DA:607,34
DA:609,15
DA:617,15
DA:620,19
DA:625,19
DA:627,19
DA:629,0
DA:634,19
DA:640,19
DA:643,19
DA:648,19
DA:652,19
DA:654,1
DA:658,1
DA:668,1
DA:673,19
DA:674,0
DA:677,0
DA:684,0
DA:688,19
DA:706,19
DA:711,34
DA:717,22
DA:720,22
DA:723,18
DA:726,18
DA:729,18
DA:732,18
DA:735,18
DA:738,18
DA:743,18
DA:744,18
DA:748,18
DA:754,0
DA:757,0
DA:760,0
DA:765,0
DA:770,0
DA:773,0
DA:776,0
DA:779,0
DA:782,0
DA:788,0
DA:791,0
DA:797,0
DA:800,0
DA:805,0
DA:810,0
DA:815,0
DA:818,0
LF:152
LH:78
BRDA:154,1,0,15
BRDA:154,1,1,0
BRDA:244,2,0,8
BRDA:244,2,1,0
BRDA:252,3,0,0
BRDA:252,3,1,0
BRDA:275,4,0,0
BRDA:275,4,1,0
BRDA:277,5,0,0
BRDA:277,5,1,0
BRDA:296,6,0,8
BRDA:296,6,1,0
BRDA:299,7,0,0
BRDA:299,7,1,8
BRDA:303,8,0,0
BRDA:303,8,1,8
BRDA:315,9,0,0
BRDA:315,9,1,8
BRDA:335,10,0,8
BRDA:335,10,1,0
BRDA:419,11,0,16
BRDA:419,11,1,0
BRDA:427,12,0,0
BRDA:427,12,1,0
BRDA:448,13,0,0
BRDA:448,13,1,0
BRDA:450,14,0,0
BRDA:450,14,1,0
BRDA:469,15,0,8
BRDA:469,15,1,0
BRDA:472,16,0,0
BRDA:472,16,1,8
BRDA:481,17,0,0
BRDA:481,17,1,8
BRDA:520,18,0,18
BRDA:520,18,1,0
BRDA:522,19,0,18
BRDA:522,19,1,0
BRDA:547,20,0,0
BRDA:547,20,1,0
BRDA:555,21,0,0
BRDA:555,21,1,0
BRDA:562,22,0,0
BRDA:562,22,1,0
BRDA:607,23,0,15
BRDA:607,23,1,19
BRDA:627,24,0,0
BRDA:627,24,1,19
BRDA:629,25,0,0
BRDA:629,25,1,0
BRDA:634,26,0,19
BRDA:634,26,1,0
BRDA:652,27,0,1
BRDA:652,27,1,18
BRDA:673,28,0,0
BRDA:673,28,1,19
BRDA:717,29,0,22
BRDA:717,29,1,0
BRDA:726,30,0,18
BRDA:726,30,1,0
BRDA:743,31,0,18
BRDA:743,31,1,0
BRDA:754,32,0,0
BRDA:754,32,1,0
BRDA:770,33,0,0
BRDA:770,33,1,0
BRDA:788,34,0,0
BRDA:788,34,1,0
BRDA:791,35,0,0
BRDA:791,35,1,0
BRF:70
BRH:23
end_of_record
TN:
SF:/Users/impossiblepascal/impossible-git/smart-contracts/launchpad-contracts/contracts/IFAllocationSale.sol
FN:102,constructor
FN:138,onlyFunder
FN:144,onlyCasherOrOwner
FN:153,onlyWhitelistSetterOrOwner
FN:164,fund
FN:179,setMinTotalPayment
FN:192,setSaleTokenAllocationOverride
FN:203,setCasher
FN:214,setWhitelistSetter
FN:227,setWhitelist
FN:236,setWithdrawDelay
FN:244,checkWhitelist
FN:259,getTotalPaymentAllocation
FN:310,getMaxPayment
FN:323,_purchase
FN:362,purchase
FN:370,whitelistedPurchase
FN:381,withdraw
FN:415,withdrawGiveaway
FN:446,cash
FN:484,emergencyTokenRetrieve
FNF:21
FNH:18
FNDA:33,constructor
FNDA:11,onlyFunder
FNDA:3,onlyCasherOrOwner
FNDA:2,onlyWhitelistSetterOrOwner
FNDA:11,fund
FNDA:0,setMinTotalPayment
FNDA:4,setSaleTokenAllocationOverride
FNDA:9,setCasher
FNDA:0,setWhitelistSetter
FNDA:2,setWhitelist
FNDA:1,setWithdrawDelay
FNDA:22,checkWhitelist
FNDA:8,getTotalPaymentAllocation
FNDA:8,getMaxPayment
FNDA:8,_purchase
FNDA:7,purchase
FNDA:1,whitelistedPurchase
FNDA:6,withdraw
FNDA:1,withdrawGiveaway
FNDA:3,cash
FNDA:0,emergencyTokenRetrieve
DA:115,33
DA:117,33
DA:119,33
DA:121,33
DA:123,33
DA:124,33
DA:125,33
DA:126,33
DA:127,33
DA:128,33
DA:129,33
DA:130,33
DA:131,33
DA:132,33
DA:139,11
DA:140,11
DA:145,3
DA:149,3
DA:154,2
DA:158,2
DA:166,11
DA:169,11
DA:172,11
DA:175,11
DA:181,0
DA:183,0
DA:186,0
DA:194,4
DA:196,4
DA:199,4
DA:205,9
DA:207,9
DA:210,9
DA:216,0
DA:218,0
DA:221,0
DA:229,2
DA:232,2
DA:237,1
DA:240,1
DA:250,22
DA:253,22
DA:265,8
DA:270,8
DA:276,8
DA:279,8
DA:282,8
DA:284,5
DA:287,5
DA:290,5
DA:296,3
DA:301,8
DA:312,8
DA:313,8
DA:314,0
DA:318,8
DA:325,8
DA:326,8
DA:329,8
DA:333,8
DA:336,8
DA:339,8
DA:342,7
DA:349,7
DA:352,7
DA:355,7
DA:358,7
DA:364,7
DA:366,7
DA:375,1
DA:377,1
DA:387,6
DA:389,5
DA:391,5
DA:394,4
DA:397,4
DA:400,4
DA:403,4
DA:406,4
DA:409,4
DA:418,1
DA:420,1
DA:422,1
DA:424,1
DA:430,0
DA:433,0
DA:436,0
DA:439,0
DA:442,0
DA:448,3
DA:450,3
DA:453,2
DA:456,2
DA:459,2
DA:462,2
DA:465,2
DA:469,2
DA:474,2
DA:477,2
DA:480,2
DA:486,0
DA:488,0
DA:491,0
DA:494,0
LF:104
LH:88
BRDA:115,1,0,33
BRDA:115,1,1,0
BRDA:117,2,0,33
BRDA:117,2,1,0
BRDA:119,3,0,33
BRDA:119,3,1,0
BRDA:121,4,0,33
BRDA:121,4,1,0
BRDA:139,5,0,11
BRDA:139,5,1,0
BRDA:145,6,0,3
BRDA:145,6,1,0
BRDA:154,7,0,2
BRDA:154,7,1,0
BRDA:166,8,0,11
BRDA:166,8,1,0
BRDA:181,9,0,0
BRDA:181,9,1,0
BRDA:194,10,0,4
BRDA:194,10,1,0
BRDA:205,11,0,9
BRDA:205,11,1,0
BRDA:216,12,0,0
BRDA:216,12,1,0
BRDA:276,13,0,8
BRDA:276,13,1,0
BRDA:282,14,0,5
BRDA:282,14,1,3
BRDA:313,15,0,0
BRDA:313,15,1,8
BRDA:325,16,0,8
BRDA:325,16,1,0
BRDA:326,17,0,8
BRDA:326,17,1,0
BRDA:329,18,0,8
BRDA:329,18,1,0
BRDA:333,19,0,8
BRDA:333,19,1,0
BRDA:339,20,0,7
BRDA:339,20,1,1
BRDA:349,21,0,7
BRDA:349,21,1,0
BRDA:364,22,0,7
BRDA:364,22,1,0
BRDA:375,23,0,1
BRDA:375,23,1,0
BRDA:387,24,0,5
BRDA:387,24,1,1
BRDA:389,25,0,5
BRDA:389,25,1,0
BRDA:391,26,0,4
BRDA:391,26,1,1
BRDA:418,27,0,1
BRDA:418,27,1,0
BRDA:420,28,0,1
BRDA:420,28,1,0
BRDA:422,29,0,1
BRDA:422,29,1,0
BRDA:424,30,0,0
BRDA:424,30,1,1
BRDA:448,31,0,3
BRDA:448,31,1,0
BRDA:450,32,0,2
BRDA:450,32,1,1
BRDA:486,33,0,0
BRDA:486,33,1,0
BRF:66
BRH:35
end_of_record
TN:
SF:/Users/impossiblepascal/impossible-git/smart-contracts/launchpad-contracts/contracts/Multicall2.sol
FN:23,aggregate
FN:38,blockAndAggregate
FN:52,getBlockHash
FN:60,getBlockNumber
FN:64,getCurrentBlockCoinbase
FN:68,getCurrentBlockDifficulty
FN:76,getCurrentBlockGasLimit
FN:80,getCurrentBlockTimestamp
FN:88,getEthBalance
FN:92,getLastBlockHash
FN:96,tryAggregate
FN:114,tryBlockAndAggregate
FNF:12
FNH:0
FNDA:0,aggregate
FNDA:0,blockAndAggregate
FNDA:0,getBlockHash
FNDA:0,getBlockNumber
FNDA:0,getCurrentBlockCoinbase
FNDA:0,getCurrentBlockDifficulty
FNDA:0,getCurrentBlockGasLimit
FNDA:0,getCurrentBlockTimestamp
FNDA:0,getEthBalance
FNDA:0,getLastBlockHash
FNDA:0,tryAggregate
FNDA:0,tryBlockAndAggregate
DA:27,0
DA:28,0
DA:29,0
DA:30,0
DA:33,0
DA:34,0
DA:46,0
DA:57,0
DA:61,0
DA:65,0
DA:73,0
DA:77,0
DA:85,0
DA:89,0
DA:93,0
DA:100,0
DA:101,0
DA:102,0
DA:106,0
DA:107,0
DA:110,0
DA:122,0
DA:123,0
DA:124,0
LF:24
LH:0
BRDA:33,1,0,0
BRDA:33,1,1,0
BRDA:106,2,0,0
BRDA:106,2,1,0
BRDA:107,3,0,0
BRDA:107,3,1,0
BRF:6
BRH:0
end_of_record
TN:
SF:/Users/impossiblepascal/impossible-git/smart-contracts/launchpad-contracts/contracts/TestMerkleVerifier.sol
FN:9,constructor
FN:12,verify
FNF:2
FNH:2
FNDA:3,constructor
FNDA:1,verify
DA:17,1
DA:19,1
DA:20,3
DA:22,3
DA:24,1
DA:29,2
DA:36,1
LF:7
LH:7
BRDA:22,1,0,1
BRDA:22,1,1,2
BRF:2
BRH:2
end_of_record
TN:
SF:/Users/impossiblepascal/impossible-git/smart-contracts/launchpad-contracts/contracts/vIDIA.sol
FN:82,constructor
FN:90,stake
FN:104,unstake
FN:125,claimUnstaked
FN:135,claimStaked
FN:161,claimPendingUnstake
FN:190,cancelPendingUnstake
FN:218,claimReward
FN:233,updateSkipDelayFee
FN:247,updateCancelUnstakeFee
FN:261,updateUnstakingDelay
FN:275,calculateUserReward
FN:287,addToWhitelist
FN:301,removeFromWhitelist
FN:313,getAllWhitelistedAddrs
FN:324,transfer
FN:345,transferFrom
FN:362,_msgSender
FN:375,_msgData
FN:385,supportsInterface
FNF:20
FNH:19
FNDA:27,constructor
FNDA:8,stake
FNDA:4,unstake
FNDA:1,claimUnstaked
FNDA:4,claimStaked
FNDA:6,claimPendingUnstake
FNDA:6,cancelPendingUnstake
FNDA:20,claimReward
FNDA:5,updateSkipDelayFee
FNDA:5,updateCancelUnstakeFee
FNDA:4,updateUnstakingDelay
FNDA:29,calculateUserReward
FNDA:2,addToWhitelist
FNDA:2,removeFromWhitelist
FNDA:5,getAllWhitelistedAddrs
FNDA:5,transfer
FNDA:5,transferFrom
FNDA:415,_msgSender
FNDA:0,_msgData
FNDA:1,supportsInterface
DA:83,27
DA:84,27
DA:85,27
DA:86,27
DA:87,27
DA:91,8
DA:92,8
DA:93,8
DA:94,8
DA:95,8
DA:96,8
DA:97,8
DA:105,4
DA:109,3
DA:110,3
DA:111,3
DA:113,3
DA:115,3
DA:116,3
DA:117,3
DA:126,1
DA:136,4
DA:138,4
DA:139,4
DA:141,4
DA:142,4
DA:144,4
DA:146,4
DA:148,4
DA:150,4
DA:151,4
DA:152,4
DA:162,6
DA:167,5
DA:168,5
DA:170,5
DA:172,5
DA:174,5
DA:176,5
DA:177,5
DA:178,1
DA:180,5
DA:181,5
DA:191,6
DA:196,5
DA:197,5
DA:199,5
DA:201,5
DA:203,5
DA:204,5
DA:206,5
DA:207,5
DA:208,1
DA:211,5
DA:212,5
DA:213,5
DA:214,5
DA:219,20
DA:221,20
DA:223,20
DA:224,20
DA:225,20
DA:234,5
DA:238,5
DA:239,4
DA:248,5
DA:252,5
DA:253,4
DA:262,4
DA:266,4
DA:276,29
DA:288,2
DA:292,2
DA:302,2
DA:306,2
DA:314,5
DA:329,5
DA:334,3
DA:350,5
DA:355,3
DA:368,415
DA:381,0
DA:391,1
LF:83
LH:82
BRDA:105,1,0,3
BRDA:105,1,1,1
BRDA:144,2,0,4
BRDA:144,2,1,0
BRDA:162,3,0,5
BRDA:162,3,1,1
BRDA:170,4,0,5
BRDA:170,4,1,0
BRDA:177,5,0,1
BRDA:177,5,1,4
BRDA:191,6,0,5
BRDA:191,6,1,1
BRDA:199,7,0,5
BRDA:199,7,1,0
BRDA:207,8,0,1
BRDA:207,8,1,4
BRDA:234,9,0,5
BRDA:234,9,1,0
BRDA:238,10,0,4
BRDA:238,10,1,1
BRDA:248,11,0,5
BRDA:248,11,1,0
BRDA:252,12,0,4
BRDA:252,12,1,1
BRDA:262,13,0,4
BRDA:262,13,1,0
BRDA:288,14,0,2
BRDA:288,14,1,0
BRDA:302,15,0,2
BRDA:302,15,1,0
BRDA:329,16,0,3
BRDA:329,16,1,2
BRDA:350,17,0,3
BRDA:350,17,1,2
BRF:34
BRH:26
end_of_record
